c:\users\krzysztof.ozarek\desktop\prywatne\gitrepo\myrpg\myrpg\debug\vc120.pdb
c:\users\krzysztof.ozarek\desktop\prywatne\gitrepo\myrpg\myrpg\debug\vc120.idb
c:\users\krzysztof.ozarek\desktop\prywatne\gitrepo\myrpg\myrpg\debug\abilities.obj
c:\users\krzysztof.ozarek\desktop\prywatne\gitrepo\myrpg\myrpg\debug\battlegui.obj
c:\users\krzysztof.ozarek\desktop\prywatne\gitrepo\myrpg\myrpg\debug\character.obj
c:\users\krzysztof.ozarek\desktop\prywatne\gitrepo\myrpg\myrpg\debug\enemy.obj
c:\users\krzysztof.ozarek\desktop\prywatne\gitrepo\myrpg\myrpg\debug\gui.obj
c:\users\krzysztof.ozarek\desktop\prywatne\gitrepo\myrpg\myrpg\debug\inventory.obj
c:\users\krzysztof.ozarek\desktop\prywatne\gitrepo\myrpg\myrpg\debug\inventorygui.obj
c:\users\krzysztof.ozarek\desktop\prywatne\gitrepo\myrpg\myrpg\debug\main.obj
c:\users\krzysztof.ozarek\desktop\prywatne\gitrepo\myrpg\myrpg\debug\mainmenu.obj
c:\users\krzysztof.ozarek\desktop\prywatne\gitrepo\myrpg\myrpg\debug\menugui.obj
c:\users\krzysztof.ozarek\desktop\prywatne\gitrepo\myrpg\myrpg\debug\player.obj
c:\users\krzysztof.ozarek\desktop\prywatne\gitrepo\myrpg\myrpg\debug\resistance.obj
c:\users\krzysztof.ozarek\desktop\prywatne\gitrepo\myrpg\myrpg\debug\storygui.obj
c:\users\krzysztof.ozarek\desktop\prywatne\gitrepo\myrpg\myrpg\debug\exitgui.obj
c:\users\krzysztof.ozarek\desktop\prywatne\gitrepo\myrpg\myrpg\debug\game.obj
c:\users\krzysztof.ozarek\desktop\prywatne\gitrepo\myrpg\debug\myrpg.ilk
c:\users\krzysztof.ozarek\desktop\prywatne\gitrepo\myrpg\debug\myrpg.exe
c:\users\krzysztof.ozarek\desktop\prywatne\gitrepo\myrpg\debug\myrpg.pdb
c:\users\krzysztof.ozarek\desktop\prywatne\gitrepo\myrpg\myrpg\debug\vc140.idb
c:\users\krzysztof.ozarek\desktop\prywatne\gitrepo\myrpg\myrpg\debug\vc140.pdb
c:\users\krzysztof.ozarek\desktop\prywatne\gitrepo\myrpg\myrpg\debug\myrpg.tlog\cl.command.1.tlog
c:\users\krzysztof.ozarek\desktop\prywatne\gitrepo\myrpg\myrpg\debug\myrpg.tlog\cl.read.1.tlog
c:\users\krzysztof.ozarek\desktop\prywatne\gitrepo\myrpg\myrpg\debug\myrpg.tlog\cl.write.1.tlog
c:\users\krzysztof.ozarek\desktop\prywatne\gitrepo\myrpg\myrpg\debug\myrpg.tlog\link.command.1.tlog
c:\users\krzysztof.ozarek\desktop\prywatne\gitrepo\myrpg\myrpg\debug\myrpg.tlog\link.read.1.tlog
c:\users\krzysztof.ozarek\desktop\prywatne\gitrepo\myrpg\myrpg\debug\myrpg.tlog\link.write.1.tlog
